0 info it worked if it ends with ok
1 verbose cli [ '/usr/local/bin/node',
1 verbose cli   '/usr/local/bin/npm',
1 verbose cli   'install',
1 verbose cli   '--save',
1 verbose cli   'react-router@1.0.1',
1 verbose cli   'history@1.13.1webpack',
1 verbose cli   '-w' ]
2 info using npm@3.8.9
3 info using node@v6.2.0
4 silly loadCurrentTree Starting
5 silly install loadCurrentTree
6 silly install readLocalPackageData
7 silly fetchPackageMetaData react-router@1.0.1
8 silly fetchPackageMetaData history@1.13.1webpack
9 silly fetchNamedPackageData react-router
10 silly mapToRegistry name react-router
11 silly mapToRegistry using default registry
12 silly mapToRegistry registry https://registry.npmjs.org/
13 silly mapToRegistry data Result {
13 silly mapToRegistry   raw: 'react-router',
13 silly mapToRegistry   scope: null,
13 silly mapToRegistry   name: 'react-router',
13 silly mapToRegistry   rawSpec: '',
13 silly mapToRegistry   spec: 'latest',
13 silly mapToRegistry   type: 'tag' }
14 silly mapToRegistry uri https://registry.npmjs.org/react-router
15 silly fetchNamedPackageData history
16 silly mapToRegistry name history
17 silly mapToRegistry using default registry
18 silly mapToRegistry registry https://registry.npmjs.org/
19 silly mapToRegistry data Result {
19 silly mapToRegistry   raw: 'history',
19 silly mapToRegistry   scope: null,
19 silly mapToRegistry   name: 'history',
19 silly mapToRegistry   rawSpec: '',
19 silly mapToRegistry   spec: 'latest',
19 silly mapToRegistry   type: 'tag' }
20 silly mapToRegistry uri https://registry.npmjs.org/history
21 verbose request uri https://registry.npmjs.org/react-router
22 verbose request no auth needed
23 info attempt registry request try #1 at 22:33:06
24 verbose request id 93e5d6544c1f07d2
25 verbose etag "1ELLFFDUGVRG2U120SVWKCSHT"
26 http request GET https://registry.npmjs.org/react-router
27 verbose request uri https://registry.npmjs.org/history
28 verbose request no auth needed
29 info attempt registry request try #1 at 22:33:06
30 verbose etag "62VO68PRVRT1OJGX82O740E1J"
31 http request GET https://registry.npmjs.org/history
32 http 200 https://registry.npmjs.org/react-router
33 verbose headers { server: 'CouchDB/1.5.0 (Erlang OTP/R16B03)',
33 verbose headers   etag: '"E5ID2VHYVUC1U49ZML6QS0873"',
33 verbose headers   'content-type': 'application/json',
33 verbose headers   'content-encoding': 'gzip',
33 verbose headers   'cache-control': 'max-age=300',
33 verbose headers   'content-length': '18770',
33 verbose headers   'accept-ranges': 'bytes',
33 verbose headers   date: 'Thu, 09 Jun 2016 20:33:07 GMT',
33 verbose headers   via: '1.1 varnish',
33 verbose headers   age: '28',
33 verbose headers   connection: 'keep-alive',
33 verbose headers   'x-served-by': 'cache-lhr6335-LHR',
33 verbose headers   'x-cache': 'HIT',
33 verbose headers   'x-cache-hits': '1',
33 verbose headers   'x-timer': 'S1465504387.132001,VS0,VE0',
33 verbose headers   vary: 'Accept-Encoding' }
34 silly get cb [ 200,
34 silly get   { server: 'CouchDB/1.5.0 (Erlang OTP/R16B03)',
34 silly get     etag: '"E5ID2VHYVUC1U49ZML6QS0873"',
34 silly get     'content-type': 'application/json',
34 silly get     'content-encoding': 'gzip',
34 silly get     'cache-control': 'max-age=300',
34 silly get     'content-length': '18770',
34 silly get     'accept-ranges': 'bytes',
34 silly get     date: 'Thu, 09 Jun 2016 20:33:07 GMT',
34 silly get     via: '1.1 varnish',
34 silly get     age: '28',
34 silly get     connection: 'keep-alive',
34 silly get     'x-served-by': 'cache-lhr6335-LHR',
34 silly get     'x-cache': 'HIT',
34 silly get     'x-cache-hits': '1',
34 silly get     'x-timer': 'S1465504387.132001,VS0,VE0',
34 silly get     vary: 'Accept-Encoding' } ]
35 verbose get saving react-router to /Users/Lorenzo/.npm/registry.npmjs.org/react-router/.cache.json
36 verbose correctMkdir /Users/Lorenzo/.npm correctMkdir not in flight; initializing
37 http 304 https://registry.npmjs.org/history
38 verbose headers { date: 'Thu, 09 Jun 2016 20:33:07 GMT',
38 verbose headers   via: '1.1 varnish',
38 verbose headers   'cache-control': 'max-age=300',
38 verbose headers   etag: '"62VO68PRVRT1OJGX82O740E1J"',
38 verbose headers   age: '0',
38 verbose headers   connection: 'keep-alive',
38 verbose headers   'x-served-by': 'cache-lhr6335-LHR',
38 verbose headers   'x-cache': 'HIT',
38 verbose headers   'x-cache-hits': '1',
38 verbose headers   'x-timer': 'S1465504387.140581,VS0,VE666',
38 verbose headers   vary: 'Accept-Encoding' }
39 silly get cb [ 304,
39 silly get   { date: 'Thu, 09 Jun 2016 20:33:07 GMT',
39 silly get     via: '1.1 varnish',
39 silly get     'cache-control': 'max-age=300',
39 silly get     etag: '"62VO68PRVRT1OJGX82O740E1J"',
39 silly get     age: '0',
39 silly get     connection: 'keep-alive',
39 silly get     'x-served-by': 'cache-lhr6335-LHR',
39 silly get     'x-cache': 'HIT',
39 silly get     'x-cache-hits': '1',
39 silly get     'x-timer': 'S1465504387.140581,VS0,VE666',
39 silly get     vary: 'Accept-Encoding' } ]
40 verbose etag https://registry.npmjs.org/history from cache
41 verbose get saving history to /Users/Lorenzo/.npm/registry.npmjs.org/history/.cache.json
42 verbose correctMkdir /Users/Lorenzo/.npm correctMkdir not in flight; initializing
43 silly fetchPackageMetaData Error: No compatible version found: history@1.13.1webpack
43 silly fetchPackageMetaData Valid install targets:
43 silly fetchPackageMetaData 3.0.0, 3.0.0-2, 3.0.0-1, 3.0.0-0, 2.1.2, 2.1.1, 2.1.0, 2.0.2, 2.0.1, 2.0.0, 2.0.0-rc3, 2.0.0-rc2, 2.0.0-rc1, 1.17.0, 1.16.0, 1.15.0, 1.14.0, 1.13.1, 1.13.0, 1.12.6, 1.12.5, 1.12.4, 1.12.3, 1.12.2, 1.12.1, 1.12.0, 1.11.1, 1.11.0, 1.10.2, 1.10.1, 1.10.0, 1.9.1, 1.9.0, 1.8.5, 1.8.4, 1.8.3, 1.8.2, 1.8.1, 1.8.0, 1.7.0, 1.6.0, 1.5.0, 1.4.1, 1.4.0, 1.3.3, 1.3.2, 1.3.1, 1.3.0, 1.2.2, 1.2.1, 1.2.0, 1.1.0, 1.0.0, 0.1.0
43 silly fetchPackageMetaData
43 silly fetchPackageMetaData     at pickVersionFromRegistryDocument (/usr/local/lib/node_modules/npm/lib/fetch-package-metadata.js:157:16)
43 silly fetchPackageMetaData     at /usr/local/lib/node_modules/npm/node_modules/iferr/index.js:13:50
43 silly fetchPackageMetaData     at /usr/local/lib/node_modules/npm/lib/utils/pulse-till-done.js:19:8
43 silly fetchPackageMetaData     at saved (/usr/local/lib/node_modules/npm/lib/cache/caching-client.js:168:7)
43 silly fetchPackageMetaData     at /usr/local/lib/node_modules/npm/node_modules/graceful-fs/polyfills.js:210:7
43 silly fetchPackageMetaData     at FSReqWrap.oncomplete (fs.js:117:15)
43 silly fetchPackageMetaData  error for history@1.13.1webpack Error: No compatible version found: history@1.13.1webpack
43 silly fetchPackageMetaData Valid install targets:
43 silly fetchPackageMetaData 3.0.0, 3.0.0-2, 3.0.0-1, 3.0.0-0, 2.1.2, 2.1.1, 2.1.0, 2.0.2, 2.0.1, 2.0.0, 2.0.0-rc3, 2.0.0-rc2, 2.0.0-rc1, 1.17.0, 1.16.0, 1.15.0, 1.14.0, 1.13.1, 1.13.0, 1.12.6, 1.12.5, 1.12.4, 1.12.3, 1.12.2, 1.12.1, 1.12.0, 1.11.1, 1.11.0, 1.10.2, 1.10.1, 1.10.0, 1.9.1, 1.9.0, 1.8.5, 1.8.4, 1.8.3, 1.8.2, 1.8.1, 1.8.0, 1.7.0, 1.6.0, 1.5.0, 1.4.1, 1.4.0, 1.3.3, 1.3.2, 1.3.1, 1.3.0, 1.2.2, 1.2.1, 1.2.0, 1.1.0, 1.0.0, 0.1.0
43 silly fetchPackageMetaData
43 silly fetchPackageMetaData     at pickVersionFromRegistryDocument (/usr/local/lib/node_modules/npm/lib/fetch-package-metadata.js:157:16)
43 silly fetchPackageMetaData     at /usr/local/lib/node_modules/npm/node_modules/iferr/index.js:13:50
43 silly fetchPackageMetaData     at /usr/local/lib/node_modules/npm/lib/utils/pulse-till-done.js:19:8
43 silly fetchPackageMetaData     at saved (/usr/local/lib/node_modules/npm/lib/cache/caching-client.js:168:7)
43 silly fetchPackageMetaData     at /usr/local/lib/node_modules/npm/node_modules/graceful-fs/polyfills.js:210:7
43 silly fetchPackageMetaData     at FSReqWrap.oncomplete (fs.js:117:15)
44 silly rollbackFailedOptional Starting
45 silly rollbackFailedOptional Finishing
46 silly runTopLevelLifecycles Starting
47 silly runTopLevelLifecycles Finishing
48 silly install printInstalled
49 verbose stack Error: No compatible version found: history@1.13.1webpack
49 verbose stack Valid install targets:
49 verbose stack 3.0.0, 3.0.0-2, 3.0.0-1, 3.0.0-0, 2.1.2, 2.1.1, 2.1.0, 2.0.2, 2.0.1, 2.0.0, 2.0.0-rc3, 2.0.0-rc2, 2.0.0-rc1, 1.17.0, 1.16.0, 1.15.0, 1.14.0, 1.13.1, 1.13.0, 1.12.6, 1.12.5, 1.12.4, 1.12.3, 1.12.2, 1.12.1, 1.12.0, 1.11.1, 1.11.0, 1.10.2, 1.10.1, 1.10.0, 1.9.1, 1.9.0, 1.8.5, 1.8.4, 1.8.3, 1.8.2, 1.8.1, 1.8.0, 1.7.0, 1.6.0, 1.5.0, 1.4.1, 1.4.0, 1.3.3, 1.3.2, 1.3.1, 1.3.0, 1.2.2, 1.2.1, 1.2.0, 1.1.0, 1.0.0, 0.1.0
49 verbose stack
49 verbose stack     at pickVersionFromRegistryDocument (/usr/local/lib/node_modules/npm/lib/fetch-package-metadata.js:157:16)
49 verbose stack     at /usr/local/lib/node_modules/npm/node_modules/iferr/index.js:13:50
49 verbose stack     at /usr/local/lib/node_modules/npm/lib/utils/pulse-till-done.js:19:8
49 verbose stack     at saved (/usr/local/lib/node_modules/npm/lib/cache/caching-client.js:168:7)
49 verbose stack     at /usr/local/lib/node_modules/npm/node_modules/graceful-fs/polyfills.js:210:7
49 verbose stack     at FSReqWrap.oncomplete (fs.js:117:15)
50 verbose cwd /Users/Lorenzo/Documents/Studio/ReactJS/EggHead
51 error Darwin 15.5.0
52 error argv "/usr/local/bin/node" "/usr/local/bin/npm" "install" "--save" "react-router@1.0.1" "history@1.13.1webpack" "-w"
53 error node v6.2.0
54 error npm  v3.8.9
55 error No compatible version found: history@1.13.1webpack
55 error Valid install targets:
55 error 3.0.0, 3.0.0-2, 3.0.0-1, 3.0.0-0, 2.1.2, 2.1.1, 2.1.0, 2.0.2, 2.0.1, 2.0.0, 2.0.0-rc3, 2.0.0-rc2, 2.0.0-rc1, 1.17.0, 1.16.0, 1.15.0, 1.14.0, 1.13.1, 1.13.0, 1.12.6, 1.12.5, 1.12.4, 1.12.3, 1.12.2, 1.12.1, 1.12.0, 1.11.1, 1.11.0, 1.10.2, 1.10.1, 1.10.0, 1.9.1, 1.9.0, 1.8.5, 1.8.4, 1.8.3, 1.8.2, 1.8.1, 1.8.0, 1.7.0, 1.6.0, 1.5.0, 1.4.1, 1.4.0, 1.3.3, 1.3.2, 1.3.1, 1.3.0, 1.2.2, 1.2.1, 1.2.0, 1.1.0, 1.0.0, 0.1.0
56 error If you need help, you may report this error at:
56 error     <https://github.com/npm/npm/issues>
57 verbose exit [ 1, true ]
